00000000  00000413  number: data 4
00000001  00000013  square: data 0
00000002  00000013  counter: data 0
00000003            start: 
00000003  00000000  ldc 0
00000004  00000103  stl square
00000005  00000002  ldl number
00000006  00000203  stl counter
00000007            loop: 
00000007  00000202  ldl counter
00000008  0000090f  brz end
00000009  00000102  ldl square
0000000a  00000002  ldl number
0000000b  00000006  add 
0000000c  00000103  stl square
0000000d  00000202  ldl counter
0000000e  00000100  ldc 1
0000000f  00000007  sub 
00000010  00000203  stl counter
00000011  fffff50f  brz loop
00000012            end: 
00000012  00000000  ldc 0
00000013  fffffe11  br end
